


ARM Macro Assembler    Page 1 


    1 00000000         ;/******************************************************
                       *************************
    2 00000000         ; * 版权所有 (C)2015, LINKO SEMICONDUCTOR Co.ltd
    3 00000000         ; *
    4 00000000         ; * 文件名称： startup_lks32mc061.s
    5 00000000         ; * 文件标识：
    6 00000000         ; * 内容摘要： 启动代码
    7 00000000         ; * 其它说明： 无
    8 00000000         ; * 当前版本： V 1.0
    9 00000000         ; * 作    者： 李鹏
   10 00000000         ; * 完成日期： 2015年11月5日
   11 00000000         ; *
   12 00000000         ; * 修改记录1：
   13 00000000         ; * 修改日期：2015年11月5日
   14 00000000         ; * 版 本 号：V 1.0
   15 00000000         ; * 修 改 人：李鹏
   16 00000000         ; * 修改内容：创建
   17 00000000         ; *
   18 00000000         ; * 修改记录2：
   19 00000000         ; * 修改日期：
   20 00000000         ; * 版 本 号：
   21 00000000         ; * 修 改 人：
   22 00000000         ; * 修改内容：
   23 00000000         ; *
   24 00000000         ; ******************************************************
                       *************************/
   25 00000000         ;* <<< Use Configuration Wizard in Context Menu >>>   
   26 00000000         ; <h> Stack Configuration
   27 00000000         ;   <o> Stack Size (in Bytes) <0x0-0xFFFFFFFF:8>
   28 00000000         ; </h>
   29 00000000         
   30 00000000 00000400 
                       Stack_Size
                               EQU              0x00000400
   31 00000000         
   32 00000000                 AREA             STACK, NOINIT, READWRITE, ALIGN
=3
   33 00000000         Stack_Mem
                               SPACE            Stack_Size
   34 00000400         __initial_sp
   35 00000400         
   36 00000400         
   37 00000400         ; <h> Heap Configuration
   38 00000400         ;   <o>  Heap Size (in Bytes) <0x0-0xFFFFFFFF:8>
   39 00000400         ; </h>
   40 00000400         
   41 00000400 00000200 
                       Heap_Size
                               EQU              0x00000200
   42 00000400         
   43 00000400                 AREA             HEAP, NOINIT, READWRITE, ALIGN=
3
   44 00000000         __heap_base
   45 00000000         Heap_Mem
                               SPACE            Heap_Size
   46 00000200         __heap_limit
   47 00000200         
   48 00000200                 PRESERVE8
   49 00000200                 THUMB



ARM Macro Assembler    Page 2 


   50 00000200         
   51 00000200         
   52 00000200         ; Vector Table Mapped to Address 0 at Reset
   53 00000200                 AREA             RESET, DATA, READONLY
   54 00000000                 EXPORT           __Vectors
   55 00000000                 EXPORT           __Vectors_End
   56 00000000                 EXPORT           __Vectors_Size
   57 00000000         
   58 00000000 00000000 
                       __Vectors
                               DCD              __initial_sp ; Top of Stack
   59 00000004 00000000        DCD              Reset_Handler ; Reset Handler
   60 00000008 00000000        DCD              NMI_Handler ; NMI Handler
   61 0000000C 00000000        DCD              HardFault_Handler ; Hard Fault 
                                                            Handler
   62 00000010 00000000        DCD              0           ; Reserved
   63 00000014 00000000        DCD              0           ; Reserved
   64 00000018 00000000        DCD              0           ; Reserved
   65 0000001C 00000000        DCD              0           ; Reserved
   66 00000020 00000000        DCD              0           ; Reserved
   67 00000024 00000000        DCD              0           ; Reserved
   68 00000028 00000000        DCD              0           ; Reserved
   69 0000002C 00000000        DCD              SVC_Handler ; SVCall Handler
   70 00000030 00000000        DCD              0           ; Reserved
   71 00000034 00000000        DCD              0           ; Reserved
   72 00000038 00000000        DCD              PendSV_Handler ; PendSV Handler
                                                            
   73 0000003C 00000000        DCD              SysTick_Handler 
                                                            ; SysTick Handler
   74 00000040         
   75 00000040         ; External Interrupts
   76 00000040         ; 0-3
   77 00000040 00000000        DCD              TIMER0_IRQHandler ;
   78 00000044 00000000        DCD              TIMER1_IRQHandler ;
   79 00000048 00000000        DCD              MCPWM0_IRQHandler ;
   80 0000004C 00000000        DCD              MCPWM1_IRQHandler ;
   81 00000050         
   82 00000050         ;4-7
   83 00000050 00000000        DCD              I2C_IRQHandler ;
   84 00000054 00000000        DCD              SPI_IRQHandler ;
   85 00000058 00000000        DCD              GPIO_IRQHandler ;
   86 0000005C 00000000        DCD              HALL_IRQHandler ;
   87 00000060         
   88 00000060         ;8-11
   89 00000060 00000000        DCD              UART_IRQHandler ;
   90 00000064 00000000        DCD              CMP_IRQHandler ;
   91 00000068 00000000        DCD              ADC_IRQHandler ;
   92 0000006C 00000000        DCD              DMA_IRQHandler ;
   93 00000070         
   94 00000070         ;12-15
   95 00000070 00000000        DCD              WAKE_IRQHandler ;
   96 00000074 00000000        DCD              SW_IRQHandler ;
   97 00000078 00000000        DCD              0           ;
   98 0000007C 00000000        DCD              0           ;
   99 00000080         
  100 00000080         ;16-19
  101 00000080 00000000        DCD              0           ;
  102 00000084 00000000        DCD              0           ;
  103 00000088 00000000        DCD              0           ;



ARM Macro Assembler    Page 3 


  104 0000008C 00000000        DCD              0           ;
  105 00000090         
  106 00000090         ;20-23
  107 00000090 00000000        DCD              0           ;
  108 00000094 00000000        DCD              0           ;
  109 00000098 00000000        DCD              0           ;
  110 0000009C 00000000        DCD              0           ;
  111 000000A0         
  112 000000A0         ;24-27
  113 000000A0 00000000        DCD              0           ;
  114 000000A4 00000000        DCD              0           ;
  115 000000A8 00000000        DCD              0           ;
  116 000000AC 00000000        DCD              0           ;
  117 000000B0         
  118 000000B0         ;28-31
  119 000000B0 00000000        DCD              0           ;
  120 000000B4 00000000        DCD              0           ;
  121 000000B8 00000000        DCD              0           ;
  122 000000BC 00000000        DCD              0           ;
  123 000000C0         
  124 000000C0         __Vectors_End
  125 000000C0         
  126 000000C0 000000C0 
                       __Vectors_Size
                               EQU              __Vectors_End - __Vectors
  127 000000C0         
  128 000000C0                 AREA             |.text|, CODE, READONLY
  129 00000000         
  130 00000000         ; Reset handler routine
  131 00000000         Reset_Handler
                               PROC
  132 00000000                 EXPORT           Reset_Handler                 [
WEAK]
  133 00000000                 IMPORT           __main
  134 00000000                 IMPORT           SystemInit
  135 00000000         
  136 00000000         
  137 00000000         
  138 00000000         
  139 00000000 4809            LDR              R0, =__initial_sp ; set stack p
                                                            ointer 
  140 00000002 F380 8808       MSR              MSP, R0
  141 00000006         
  142 00000006         
  143 00000006         ApplicationStart
  144 00000006 4809            LDR              R0, =SystemInit
  145 00000008 4780            BLX              R0
  146 0000000A 4809            LDR              R0, =__main
  147 0000000C 4700            BX               R0
  148 0000000E                 ENDP
  149 0000000E         
  150 0000000E         ; Dummy Exception Handlers (infinite loops which can be 
                       modified)
  151 0000000E         
  152 0000000E         NMI_Handler
                               PROC
  153 0000000E                 EXPORT           NMI_Handler                    
[WEAK]
  154 0000000E E7FE            B                .



ARM Macro Assembler    Page 4 


  155 00000010                 ENDP
  157 00000010         HardFault_Handler
                               PROC
  158 00000010                 EXPORT           HardFault_Handler              
[WEAK]
  159 00000010 E7FE            B                .
  160 00000012                 ENDP
  161 00000012         SVC_Handler
                               PROC
  162 00000012                 EXPORT           SVC_Handler                    
[WEAK]
  163 00000012 E7FE            B                .
  164 00000014                 ENDP
  165 00000014         PendSV_Handler
                               PROC
  166 00000014                 EXPORT           PendSV_Handler                 
[WEAK]
  167 00000014 E7FE            B                .
  168 00000016                 ENDP
  169 00000016         SysTick_Handler
                               PROC
  170 00000016                 EXPORT           SysTick_Handler                
[WEAK]
  171 00000016 E7FE            B                .
  172 00000018                 ENDP
  173 00000018         
  174 00000018         Default_Handler
                               PROC
  175 00000018         
  176 00000018                 EXPORT           TIMER0_IRQHandler             [
WEAK]
  177 00000018                 EXPORT           TIMER1_IRQHandler             [
WEAK]
  178 00000018                 EXPORT           MCPWM0_IRQHandler             [
WEAK]
  179 00000018                 EXPORT           MCPWM1_IRQHandler             [
WEAK]
  180 00000018                 EXPORT           I2C_IRQHandler              [WE
AK]
  181 00000018                 EXPORT           SPI_IRQHandler              [WE
AK]
  182 00000018                 EXPORT           GPIO_IRQHandler               [
WEAK]
  183 00000018                 EXPORT           HALL_IRQHandler               [
WEAK]
  184 00000018                 EXPORT           UART_IRQHandler               [
WEAK]
  185 00000018                 EXPORT           CMP_IRQHandler                [
WEAK]
  186 00000018                 EXPORT           ADC_IRQHandler                [
WEAK]
  187 00000018                 EXPORT           DMA_IRQHandler                [
WEAK]
  188 00000018                 EXPORT           WAKE_IRQHandler               [
WEAK]
  189 00000018                 EXPORT           SW_IRQHandler                 [
WEAK]
  190 00000018         
  191 00000018         TIMER0_IRQHandler



ARM Macro Assembler    Page 5 


  192 00000018         TIMER1_IRQHandler
  193 00000018         MCPWM0_IRQHandler
  194 00000018         MCPWM1_IRQHandler
  195 00000018         I2C_IRQHandler
  196 00000018         SPI_IRQHandler
  197 00000018         GPIO_IRQHandler
  198 00000018         HALL_IRQHandler
  199 00000018         UART_IRQHandler
  200 00000018         CMP_IRQHandler
  201 00000018         ADC_IRQHandler
  202 00000018         DMA_IRQHandler
  203 00000018         WAKE_IRQHandler
  204 00000018         SW_IRQHandler
  205 00000018         
  206 00000018         
  207 00000018 E7FE            B                .
  208 0000001A         
  209 0000001A                 ENDP
  210 0000001A         
  211 0000001A 00 00           ALIGN
  212 0000001C         
  213 0000001C         ;*******************************************************
                       ************************
  214 0000001C         ; User Stack and Heap initialization
  215 0000001C         ;*******************************************************
                       ************************
  216 0000001C                 IF               :DEF:__MICROLIB
  223 0000001C         
  224 0000001C                 IMPORT           __use_two_region_memory
  225 0000001C                 EXPORT           __user_initial_stackheap
  226 0000001C         
  227 0000001C         __user_initial_stackheap
  228 0000001C         
  229 0000001C 4805            LDR              R0, =  Heap_Mem
  230 0000001E 4906            LDR              R1, =(Stack_Mem + Stack_Size)
  231 00000020 4A06            LDR              R2, = (Heap_Mem +  Heap_Size)
  232 00000022 4B07            LDR              R3, = Stack_Mem
  233 00000024 4770            BX               LR
  234 00000026         
  235 00000026 00 00           ALIGN
  236 00000028         
  237 00000028                 ENDIF
  238 00000028         
  239 00000028                 END
              00000000 
              00000000 
              00000000 
              00000000 
              00000400 
              00000200 
              00000000 
Command Line: --debug --xref --diag_suppress=9931 --cpu=Cortex-M0 --apcs=interw
ork --depend=.\obj\startup_lks32mc03x.d -o.\obj\startup_lks32mc03x.o -I.\RTE\_L
inko_03x_Project -IC:\Users\jincheng.xie\AppData\Local\Arm\Packs\ARM\CMSIS\5.8.
0\CMSIS\Core\Include -IC:\Users\jincheng.xie\AppData\Local\Arm\Packs\Linko\LKS0
3x\1.1.5\Device\Include --predefine="__EVAL SETA 1" --predefine="__UVISION_VERS
ION SETA 536" --predefine="_RTE_ SETA 1" --predefine="LKS32MC038Y6P8 SETA 1" --
predefine="_RTE_ SETA 1" --list=.\list\startup_lks32mc03x.lst LKS32MC03x_Periph
_Driver\Source\startup_lks32mc03x.s



ARM Macro Assembler    Page 1 Alphabetic symbol ordering
Relocatable symbols

STACK 00000000

Symbol: STACK
   Definitions
      At line 32 in file LKS32MC03x_Periph_Driver\Source\startup_lks32mc03x.s
   Uses
      None
Comment: STACK unused
Stack_Mem 00000000

Symbol: Stack_Mem
   Definitions
      At line 33 in file LKS32MC03x_Periph_Driver\Source\startup_lks32mc03x.s
   Uses
      At line 230 in file LKS32MC03x_Periph_Driver\Source\startup_lks32mc03x.s
      At line 232 in file LKS32MC03x_Periph_Driver\Source\startup_lks32mc03x.s

__initial_sp 00000400

Symbol: __initial_sp
   Definitions
      At line 34 in file LKS32MC03x_Periph_Driver\Source\startup_lks32mc03x.s
   Uses
      At line 58 in file LKS32MC03x_Periph_Driver\Source\startup_lks32mc03x.s
      At line 139 in file LKS32MC03x_Periph_Driver\Source\startup_lks32mc03x.s

3 symbols



ARM Macro Assembler    Page 1 Alphabetic symbol ordering
Relocatable symbols

HEAP 00000000

Symbol: HEAP
   Definitions
      At line 43 in file LKS32MC03x_Periph_Driver\Source\startup_lks32mc03x.s
   Uses
      None
Comment: HEAP unused
Heap_Mem 00000000

Symbol: Heap_Mem
   Definitions
      At line 45 in file LKS32MC03x_Periph_Driver\Source\startup_lks32mc03x.s
   Uses
      At line 229 in file LKS32MC03x_Periph_Driver\Source\startup_lks32mc03x.s
      At line 231 in file LKS32MC03x_Periph_Driver\Source\startup_lks32mc03x.s

__heap_base 00000000

Symbol: __heap_base
   Definitions
      At line 44 in file LKS32MC03x_Periph_Driver\Source\startup_lks32mc03x.s
   Uses
      None
Comment: __heap_base unused
__heap_limit 00000200

Symbol: __heap_limit
   Definitions
      At line 46 in file LKS32MC03x_Periph_Driver\Source\startup_lks32mc03x.s
   Uses
      None
Comment: __heap_limit unused
4 symbols



ARM Macro Assembler    Page 1 Alphabetic symbol ordering
Relocatable symbols

RESET 00000000

Symbol: RESET
   Definitions
      At line 53 in file LKS32MC03x_Periph_Driver\Source\startup_lks32mc03x.s
   Uses
      None
Comment: RESET unused
__Vectors 00000000

Symbol: __Vectors
   Definitions
      At line 58 in file LKS32MC03x_Periph_Driver\Source\startup_lks32mc03x.s
   Uses
      At line 54 in file LKS32MC03x_Periph_Driver\Source\startup_lks32mc03x.s
      At line 126 in file LKS32MC03x_Periph_Driver\Source\startup_lks32mc03x.s

__Vectors_End 000000C0

Symbol: __Vectors_End
   Definitions
      At line 124 in file LKS32MC03x_Periph_Driver\Source\startup_lks32mc03x.s
   Uses
      At line 55 in file LKS32MC03x_Periph_Driver\Source\startup_lks32mc03x.s
      At line 126 in file LKS32MC03x_Periph_Driver\Source\startup_lks32mc03x.s

3 symbols



ARM Macro Assembler    Page 1 Alphabetic symbol ordering
Relocatable symbols

.text 00000000

Symbol: .text
   Definitions
      At line 128 in file LKS32MC03x_Periph_Driver\Source\startup_lks32mc03x.s
   Uses
      None
Comment: .text unused
ADC_IRQHandler 00000018

Symbol: ADC_IRQHandler
   Definitions
      At line 201 in file LKS32MC03x_Periph_Driver\Source\startup_lks32mc03x.s
   Uses
      At line 91 in file LKS32MC03x_Periph_Driver\Source\startup_lks32mc03x.s
      At line 186 in file LKS32MC03x_Periph_Driver\Source\startup_lks32mc03x.s

ApplicationStart 00000006

Symbol: ApplicationStart
   Definitions
      At line 143 in file LKS32MC03x_Periph_Driver\Source\startup_lks32mc03x.s
   Uses
      None
Comment: ApplicationStart unused
CMP_IRQHandler 00000018

Symbol: CMP_IRQHandler
   Definitions
      At line 200 in file LKS32MC03x_Periph_Driver\Source\startup_lks32mc03x.s
   Uses
      At line 90 in file LKS32MC03x_Periph_Driver\Source\startup_lks32mc03x.s
      At line 185 in file LKS32MC03x_Periph_Driver\Source\startup_lks32mc03x.s

DMA_IRQHandler 00000018

Symbol: DMA_IRQHandler
   Definitions
      At line 202 in file LKS32MC03x_Periph_Driver\Source\startup_lks32mc03x.s
   Uses
      At line 92 in file LKS32MC03x_Periph_Driver\Source\startup_lks32mc03x.s
      At line 187 in file LKS32MC03x_Periph_Driver\Source\startup_lks32mc03x.s

Default_Handler 00000018

Symbol: Default_Handler
   Definitions
      At line 174 in file LKS32MC03x_Periph_Driver\Source\startup_lks32mc03x.s
   Uses
      None
Comment: Default_Handler unused
GPIO_IRQHandler 00000018

Symbol: GPIO_IRQHandler
   Definitions
      At line 197 in file LKS32MC03x_Periph_Driver\Source\startup_lks32mc03x.s
   Uses
      At line 85 in file LKS32MC03x_Periph_Driver\Source\startup_lks32mc03x.s
      At line 182 in file LKS32MC03x_Periph_Driver\Source\startup_lks32mc03x.s



ARM Macro Assembler    Page 2 Alphabetic symbol ordering
Relocatable symbols


HALL_IRQHandler 00000018

Symbol: HALL_IRQHandler
   Definitions
      At line 198 in file LKS32MC03x_Periph_Driver\Source\startup_lks32mc03x.s
   Uses
      At line 86 in file LKS32MC03x_Periph_Driver\Source\startup_lks32mc03x.s
      At line 183 in file LKS32MC03x_Periph_Driver\Source\startup_lks32mc03x.s

HardFault_Handler 00000010

Symbol: HardFault_Handler
   Definitions
      At line 157 in file LKS32MC03x_Periph_Driver\Source\startup_lks32mc03x.s
   Uses
      At line 61 in file LKS32MC03x_Periph_Driver\Source\startup_lks32mc03x.s
      At line 158 in file LKS32MC03x_Periph_Driver\Source\startup_lks32mc03x.s

I2C_IRQHandler 00000018

Symbol: I2C_IRQHandler
   Definitions
      At line 195 in file LKS32MC03x_Periph_Driver\Source\startup_lks32mc03x.s
   Uses
      At line 83 in file LKS32MC03x_Periph_Driver\Source\startup_lks32mc03x.s
      At line 180 in file LKS32MC03x_Periph_Driver\Source\startup_lks32mc03x.s

MCPWM0_IRQHandler 00000018

Symbol: MCPWM0_IRQHandler
   Definitions
      At line 193 in file LKS32MC03x_Periph_Driver\Source\startup_lks32mc03x.s
   Uses
      At line 79 in file LKS32MC03x_Periph_Driver\Source\startup_lks32mc03x.s
      At line 178 in file LKS32MC03x_Periph_Driver\Source\startup_lks32mc03x.s

MCPWM1_IRQHandler 00000018

Symbol: MCPWM1_IRQHandler
   Definitions
      At line 194 in file LKS32MC03x_Periph_Driver\Source\startup_lks32mc03x.s
   Uses
      At line 80 in file LKS32MC03x_Periph_Driver\Source\startup_lks32mc03x.s
      At line 179 in file LKS32MC03x_Periph_Driver\Source\startup_lks32mc03x.s

NMI_Handler 0000000E

Symbol: NMI_Handler
   Definitions
      At line 152 in file LKS32MC03x_Periph_Driver\Source\startup_lks32mc03x.s
   Uses
      At line 60 in file LKS32MC03x_Periph_Driver\Source\startup_lks32mc03x.s
      At line 153 in file LKS32MC03x_Periph_Driver\Source\startup_lks32mc03x.s

PendSV_Handler 00000014

Symbol: PendSV_Handler
   Definitions



ARM Macro Assembler    Page 3 Alphabetic symbol ordering
Relocatable symbols

      At line 165 in file LKS32MC03x_Periph_Driver\Source\startup_lks32mc03x.s
   Uses
      At line 72 in file LKS32MC03x_Periph_Driver\Source\startup_lks32mc03x.s
      At line 166 in file LKS32MC03x_Periph_Driver\Source\startup_lks32mc03x.s

Reset_Handler 00000000

Symbol: Reset_Handler
   Definitions
      At line 131 in file LKS32MC03x_Periph_Driver\Source\startup_lks32mc03x.s
   Uses
      At line 59 in file LKS32MC03x_Periph_Driver\Source\startup_lks32mc03x.s
      At line 132 in file LKS32MC03x_Periph_Driver\Source\startup_lks32mc03x.s

SPI_IRQHandler 00000018

Symbol: SPI_IRQHandler
   Definitions
      At line 196 in file LKS32MC03x_Periph_Driver\Source\startup_lks32mc03x.s
   Uses
      At line 84 in file LKS32MC03x_Periph_Driver\Source\startup_lks32mc03x.s
      At line 181 in file LKS32MC03x_Periph_Driver\Source\startup_lks32mc03x.s

SVC_Handler 00000012

Symbol: SVC_Handler
   Definitions
      At line 161 in file LKS32MC03x_Periph_Driver\Source\startup_lks32mc03x.s
   Uses
      At line 69 in file LKS32MC03x_Periph_Driver\Source\startup_lks32mc03x.s
      At line 162 in file LKS32MC03x_Periph_Driver\Source\startup_lks32mc03x.s

SW_IRQHandler 00000018

Symbol: SW_IRQHandler
   Definitions
      At line 204 in file LKS32MC03x_Periph_Driver\Source\startup_lks32mc03x.s
   Uses
      At line 96 in file LKS32MC03x_Periph_Driver\Source\startup_lks32mc03x.s
      At line 189 in file LKS32MC03x_Periph_Driver\Source\startup_lks32mc03x.s

SysTick_Handler 00000016

Symbol: SysTick_Handler
   Definitions
      At line 169 in file LKS32MC03x_Periph_Driver\Source\startup_lks32mc03x.s
   Uses
      At line 73 in file LKS32MC03x_Periph_Driver\Source\startup_lks32mc03x.s
      At line 170 in file LKS32MC03x_Periph_Driver\Source\startup_lks32mc03x.s

TIMER0_IRQHandler 00000018

Symbol: TIMER0_IRQHandler
   Definitions
      At line 191 in file LKS32MC03x_Periph_Driver\Source\startup_lks32mc03x.s
   Uses
      At line 77 in file LKS32MC03x_Periph_Driver\Source\startup_lks32mc03x.s
      At line 176 in file LKS32MC03x_Periph_Driver\Source\startup_lks32mc03x.s




ARM Macro Assembler    Page 4 Alphabetic symbol ordering
Relocatable symbols

TIMER1_IRQHandler 00000018

Symbol: TIMER1_IRQHandler
   Definitions
      At line 192 in file LKS32MC03x_Periph_Driver\Source\startup_lks32mc03x.s
   Uses
      At line 78 in file LKS32MC03x_Periph_Driver\Source\startup_lks32mc03x.s
      At line 177 in file LKS32MC03x_Periph_Driver\Source\startup_lks32mc03x.s

UART_IRQHandler 00000018

Symbol: UART_IRQHandler
   Definitions
      At line 199 in file LKS32MC03x_Periph_Driver\Source\startup_lks32mc03x.s
   Uses
      At line 89 in file LKS32MC03x_Periph_Driver\Source\startup_lks32mc03x.s
      At line 184 in file LKS32MC03x_Periph_Driver\Source\startup_lks32mc03x.s

WAKE_IRQHandler 00000018

Symbol: WAKE_IRQHandler
   Definitions
      At line 203 in file LKS32MC03x_Periph_Driver\Source\startup_lks32mc03x.s
   Uses
      At line 95 in file LKS32MC03x_Periph_Driver\Source\startup_lks32mc03x.s
      At line 188 in file LKS32MC03x_Periph_Driver\Source\startup_lks32mc03x.s

__user_initial_stackheap 0000001C

Symbol: __user_initial_stackheap
   Definitions
      At line 227 in file LKS32MC03x_Periph_Driver\Source\startup_lks32mc03x.s
   Uses
      At line 225 in file LKS32MC03x_Periph_Driver\Source\startup_lks32mc03x.s
Comment: __user_initial_stackheap used once
24 symbols



ARM Macro Assembler    Page 1 Alphabetic symbol ordering
Absolute symbols

Heap_Size 00000200

Symbol: Heap_Size
   Definitions
      At line 41 in file LKS32MC03x_Periph_Driver\Source\startup_lks32mc03x.s
   Uses
      At line 45 in file LKS32MC03x_Periph_Driver\Source\startup_lks32mc03x.s
      At line 231 in file LKS32MC03x_Periph_Driver\Source\startup_lks32mc03x.s

Stack_Size 00000400

Symbol: Stack_Size
   Definitions
      At line 30 in file LKS32MC03x_Periph_Driver\Source\startup_lks32mc03x.s
   Uses
      At line 33 in file LKS32MC03x_Periph_Driver\Source\startup_lks32mc03x.s
      At line 230 in file LKS32MC03x_Periph_Driver\Source\startup_lks32mc03x.s

__Vectors_Size 000000C0

Symbol: __Vectors_Size
   Definitions
      At line 126 in file LKS32MC03x_Periph_Driver\Source\startup_lks32mc03x.s
   Uses
      At line 56 in file LKS32MC03x_Periph_Driver\Source\startup_lks32mc03x.s
Comment: __Vectors_Size used once
3 symbols



ARM Macro Assembler    Page 1 Alphabetic symbol ordering
External symbols

SystemInit 00000000

Symbol: SystemInit
   Definitions
      At line 134 in file LKS32MC03x_Periph_Driver\Source\startup_lks32mc03x.s
   Uses
      At line 144 in file LKS32MC03x_Periph_Driver\Source\startup_lks32mc03x.s
Comment: SystemInit used once
__main 00000000

Symbol: __main
   Definitions
      At line 133 in file LKS32MC03x_Periph_Driver\Source\startup_lks32mc03x.s
   Uses
      At line 146 in file LKS32MC03x_Periph_Driver\Source\startup_lks32mc03x.s
Comment: __main used once
__use_two_region_memory 00000000

Symbol: __use_two_region_memory
   Definitions
      At line 224 in file LKS32MC03x_Periph_Driver\Source\startup_lks32mc03x.s
   Uses
      None
Comment: __use_two_region_memory unused
3 symbols
378 symbols in table
